{"name": "test_buttons_click_actions", "status": "broken", "statusDetails": {"message": "selenium.common.exceptions.TimeoutException: Message: \nStacktrace:\n#0 0x57dfc397f7da <unknown>\n#1 0x57dfc34242e0 <unknown>\n#2 0x57dfc3475e00 <unknown>\n#3 0x57dfc3475ff1 <unknown>\n#4 0x57dfc34c4324 <unknown>\n#5 0x57dfc349b8dd <unknown>\n#6 0x57dfc34c171c <unknown>\n#7 0x57dfc349b683 <unknown>\n#8 0x57dfc3467b5b <unknown>\n#9 0x57dfc3468f31 <unknown>\n#10 0x57dfc394472b <unknown>\n#11 0x57dfc3948534 <unknown>\n#12 0x57dfc392b229 <unknown>\n#13 0x57dfc39490d8 <unknown>\n#14 0x57dfc390f61f <unknown>\n#15 0x57dfc396cdd8 <unknown>\n#16 0x57dfc396cfb6 <unknown>\n#17 0x57dfc397eaf6 <unknown>\n#18 0x76c595a26aa4 <unknown>\n#19 0x76c595ab3a34 __clone", "trace": "browser = <selenium.webdriver.remote.webdriver.WebDriver (session=\"c867cae4fa4550a721f46187b6054bcb\")>\n\n>   ???\n\nC:\\Users\\sofii\\OneDrive\\Important\\PythonSelenium\\tests\\test_4Buttons.py:21: \n_ _ _ _ _ _ _ _ _ _ _ _ _ _ _ _ _ _ _ _ _ _ _ _ _ _ _ _ _ _ _ _ _ _ _ _ _ _ _ _ \nPageObjects/buttons_page.py:40: in get_right_click_message\n    elem = self.wait.until(EC.visibility_of_element_located((By.ID, \"rightClickMessage\")))\n           ^^^^^^^^^^^^^^^^^^^^^^^^^^^^^^^^^^^^^^^^^^^^^^^^^^^^^^^^^^^^^^^^^^^^^^^^^^^^^^^\n_ _ _ _ _ _ _ _ _ _ _ _ _ _ _ _ _ _ _ _ _ _ _ _ _ _ _ _ _ _ _ _ _ _ _ _ _ _ _ _ \n\nself = <selenium.webdriver.support.wait.WebDriverWait (session=\"c867cae4fa4550a721f46187b6054bcb\")>\nmethod = <function visibility_of_element_located.<locals>._predicate at 0x72ec763e0b80>\nmessage = ''\n\n    def until(self, method: Callable[[D], Union[Literal[False], T]], message: str = \"\") -> T:\n        \"\"\"Wait until the method returns a value that is not False.\n    \n        Calls the method provided with the driver as an argument until the\n        return value does not evaluate to ``False``.\n    \n        Parameters:\n        -----------\n        method: callable(WebDriver)\n            - A callable object that takes a WebDriver instance as an argument.\n    \n        message: str\n            - Optional message for :exc:`TimeoutException`\n    \n        Return:\n        -------\n        object: T\n            - The result of the last call to `method`\n    \n        Raises:\n        -------\n        TimeoutException\n            - If 'method' does not return a truthy value within the WebDriverWait\n            object's timeout\n    \n        Example:\n        --------\n        >>> from selenium.webdriver.common.by import By\n        >>> from selenium.webdriver.support.ui import WebDriverWait\n        >>> from selenium.webdriver.support import expected_conditions as EC\n    \n        # Wait until an element is visible on the page\n        >>> wait = WebDriverWait(driver, 10)\n        >>> element = wait.until(EC.visibility_of_element_located((By.ID, \"exampleId\")))\n        >>> print(element.text)\n        \"\"\"\n        screen = None\n        stacktrace = None\n    \n        end_time = time.monotonic() + self._timeout\n        while True:\n            try:\n                value = method(self._driver)\n                if value:\n                    return value\n            except self._ignored_exceptions as exc:\n                screen = getattr(exc, \"screen\", None)\n                stacktrace = getattr(exc, \"stacktrace\", None)\n            if time.monotonic() > end_time:\n                break\n            time.sleep(self._poll)\n>       raise TimeoutException(message, screen, stacktrace)\nE       selenium.common.exceptions.TimeoutException: Message: \nE       Stacktrace:\nE       #0 0x57dfc397f7da <unknown>\nE       #1 0x57dfc34242e0 <unknown>\nE       #2 0x57dfc3475e00 <unknown>\nE       #3 0x57dfc3475ff1 <unknown>\nE       #4 0x57dfc34c4324 <unknown>\nE       #5 0x57dfc349b8dd <unknown>\nE       #6 0x57dfc34c171c <unknown>\nE       #7 0x57dfc349b683 <unknown>\nE       #8 0x57dfc3467b5b <unknown>\nE       #9 0x57dfc3468f31 <unknown>\nE       #10 0x57dfc394472b <unknown>\nE       #11 0x57dfc3948534 <unknown>\nE       #12 0x57dfc392b229 <unknown>\nE       #13 0x57dfc39490d8 <unknown>\nE       #14 0x57dfc390f61f <unknown>\nE       #15 0x57dfc396cdd8 <unknown>\nE       #16 0x57dfc396cfb6 <unknown>\nE       #17 0x57dfc397eaf6 <unknown>\nE       #18 0x76c595a26aa4 <unknown>\nE       #19 0x76c595ab3a34 __clone\n\n/usr/local/lib/python3.11/site-packages/selenium/webdriver/support/wait.py:138: TimeoutException"}, "steps": [{"name": "Perform double click", "status": "passed", "start": 1753519057210, "stop": 1753519057642}, {"name": "Perform right click", "status": "broken", "statusDetails": {"message": "selenium.common.exceptions.TimeoutException: Message: \nStacktrace:\n#0 0x57dfc397f7da <unknown>\n#1 0x57dfc34242e0 <unknown>\n#2 0x57dfc3475e00 <unknown>\n#3 0x57dfc3475ff1 <unknown>\n#4 0x57dfc34c4324 <unknown>\n#5 0x57dfc349b8dd <unknown>\n#6 0x57dfc34c171c <unknown>\n#7 0x57dfc349b683 <unknown>\n#8 0x57dfc3467b5b <unknown>\n#9 0x57dfc3468f31 <unknown>\n#10 0x57dfc394472b <unknown>\n#11 0x57dfc3948534 <unknown>\n#12 0x57dfc392b229 <unknown>\n#13 0x57dfc39490d8 <unknown>\n#14 0x57dfc390f61f <unknown>\n#15 0x57dfc396cdd8 <unknown>\n#16 0x57dfc396cfb6 <unknown>\n#17 0x57dfc397eaf6 <unknown>\n#18 0x76c595a26aa4 <unknown>\n#19 0x76c595ab3a34 __clone\n\n", "trace": "  File \"C:\\Users\\sofii\\OneDrive\\Important\\PythonSelenium\\tests\\test_4Buttons.py\", line 21, in test_buttons_click_actions\n  File \"/app/PageObjects/buttons_page.py\", line 40, in get_right_click_message\n    elem = self.wait.until(EC.visibility_of_element_located((By.ID, \"rightClickMessage\")))\n           ^^^^^^^^^^^^^^^^^^^^^^^^^^^^^^^^^^^^^^^^^^^^^^^^^^^^^^^^^^^^^^^^^^^^^^^^^^^^^^^\n  File \"/usr/local/lib/python3.11/site-packages/selenium/webdriver/support/wait.py\", line 138, in until\n    raise TimeoutException(message, screen, stacktrace)\n"}, "start": 1753519057642, "stop": 1753519068435}], "start": 1753519056452, "stop": 1753519068440, "uuid": "a4ef520c-9e05-4038-b834-8cacad5c359b", "historyId": "ee66e88a009795527c620f55e56b8c20", "testCaseId": "ee66e88a009795527c620f55e56b8c20", "fullName": "tests.test_4Buttons#test_buttons_click_actions", "labels": [{"name": "story", "value": "Verify double, right, and dynamic clicks trigger correct messages"}, {"name": "feature", "value": "Buttons"}, {"name": "parentSuite", "value": "tests"}, {"name": "suite", "value": "test_4Buttons"}, {"name": "host", "value": "e9b8867c44f7"}, {"name": "thread", "value": "1-MainThread"}, {"name": "framework", "value": "pytest"}, {"name": "language", "value": "cpython3"}, {"name": "package", "value": "tests.test_4Buttons"}], "titlePath": ["tests", "test_4Buttons.py"]}